Compilación iniciada a las 25/05/2016 11:25:38 p. m..
     1>Proyecto "C:\Users\Meggie\Documents\GitHub\WaveEffect\PlantillaOpenGL01\PlantillaOpenGL01.vcxproj" en el nodo 2 (Build destinos).
     1>ClCompile:
         C:\Program Files (x86)\Microsoft Visual Studio 11.0\VC\bin\CL.exe /c /IC:\dev\opengl\freeglut\include /I"C:\dev\opengl\glew-1.7.0\include" /ZI /nologo /W3 /WX- /Od /Oy- /D WIN32 /D _DEBUG /D _CONSOLE /D _UNICODE /D UNICODE /Gm /EHsc /RTC1 /MDd /GS /fp:precise /Zc:wchar_t /Zc:forScope /Fo"Debug\\" /Fd"Debug\vc110.pdb" /Gd /TP /analyze- /errorReport:prompt main.cpp
         main.cpp
     1>c:\users\meggie\documents\github\waveeffect\plantillaopengl01\main.cpp(31): warning C4305: 'inicializando' : truncamiento de 'double' a 'float'
     1>c:\users\meggie\documents\github\waveeffect\plantillaopengl01\main.cpp(74): warning C4305: 'argumento' : truncamiento de 'double' a 'GLfloat'
     1>c:\users\meggie\documents\github\waveeffect\plantillaopengl01\main.cpp(74): warning C4244: 'argumento' : conversión de 'int' a 'GLfloat'; posible pérdida de datos
     1>c:\users\meggie\documents\github\waveeffect\plantillaopengl01\main.cpp(75): warning C4305: 'argumento' : truncamiento de 'double' a 'GLfloat'
     1>c:\users\meggie\documents\github\waveeffect\plantillaopengl01\main.cpp(75): warning C4244: 'argumento' : conversión de 'int' a 'GLfloat'; posible pérdida de datos
     1>c:\users\meggie\documents\github\waveeffect\plantillaopengl01\main.cpp(77): warning C4244: 'argumento' : conversión de 'int' a 'GLfloat'; posible pérdida de datos
     1>c:\users\meggie\documents\github\waveeffect\plantillaopengl01\main.cpp(77): warning C4305: 'argumento' : truncamiento de 'double' a 'GLfloat'
     1>c:\users\meggie\documents\github\waveeffect\plantillaopengl01\main.cpp(78): warning C4244: 'argumento' : conversión de 'int' a 'GLfloat'; posible pérdida de datos
     1>c:\users\meggie\documents\github\waveeffect\plantillaopengl01\main.cpp(78): warning C4305: 'argumento' : truncamiento de 'double' a 'GLfloat'
     1>c:\users\meggie\documents\github\waveeffect\plantillaopengl01\main.cpp(80): warning C4305: 'argumento' : truncamiento de 'double' a 'GLfloat'
     1>c:\users\meggie\documents\github\waveeffect\plantillaopengl01\main.cpp(80): warning C4244: 'argumento' : conversión de 'int' a 'GLfloat'; posible pérdida de datos
     1>c:\users\meggie\documents\github\waveeffect\plantillaopengl01\main.cpp(81): warning C4305: 'argumento' : truncamiento de 'double' a 'GLfloat'
     1>c:\users\meggie\documents\github\waveeffect\plantillaopengl01\main.cpp(81): warning C4244: 'argumento' : conversión de 'int' a 'GLfloat'; posible pérdida de datos
     1>c:\users\meggie\documents\github\waveeffect\plantillaopengl01\main.cpp(83): warning C4244: 'argumento' : conversión de 'int' a 'GLfloat'; posible pérdida de datos
     1>c:\users\meggie\documents\github\waveeffect\plantillaopengl01\main.cpp(83): warning C4305: 'argumento' : truncamiento de 'double' a 'GLfloat'
     1>c:\users\meggie\documents\github\waveeffect\plantillaopengl01\main.cpp(84): warning C4244: 'argumento' : conversión de 'int' a 'GLfloat'; posible pérdida de datos
     1>c:\users\meggie\documents\github\waveeffect\plantillaopengl01\main.cpp(84): warning C4305: 'argumento' : truncamiento de 'double' a 'GLfloat'
     1>c:\users\meggie\documents\github\waveeffect\plantillaopengl01\main.cpp(97): warning C4305: '+=' : truncamiento de 'double' a 'float'
     1>c:\users\meggie\documents\github\waveeffect\plantillaopengl01\main.cpp(98): warning C4101: 'aspectratio' : variable local sin referencia
     1>c:\users\meggie\documents\github\waveeffect\plantillaopengl01\main.cpp(123): warning C4244: '=' : conversión de 'double' a 'float'; posible pérdida de datos
     1>c:\users\meggie\documents\github\waveeffect\plantillaopengl01\main.cpp(124): warning C4244: '=' : conversión de 'double' a 'float'; posible pérdida de datos
     1>c:\users\meggie\documents\github\waveeffect\plantillaopengl01\main.cpp(125): warning C4244: '=' : conversión de 'double' a 'float'; posible pérdida de datos
     1>c:\users\meggie\documents\github\waveeffect\plantillaopengl01\main.cpp(126): warning C4244: '=' : conversión de 'double' a 'float'; posible pérdida de datos
     1>c:\users\meggie\documents\github\waveeffect\plantillaopengl01\main.cpp(136): warning C4305: '+=' : truncamiento de 'double' a 'float'
     1>c:\users\meggie\documents\github\waveeffect\plantillaopengl01\main.cpp(176): warning C4305: '+=' : truncamiento de 'double' a 'float'
     1>c:\users\meggie\documents\github\waveeffect\plantillaopengl01\main.cpp(254): warning C4244: '=' : conversión de 'double' a 'float'; posible pérdida de datos
     1>c:\users\meggie\documents\github\waveeffect\plantillaopengl01\main.cpp(258): warning C4244: '=' : conversión de 'double' a 'float'; posible pérdida de datos
     1>c:\users\meggie\documents\github\waveeffect\plantillaopengl01\main.cpp(265): warning C4244: '=' : conversión de 'double' a 'float'; posible pérdida de datos
     1>c:\users\meggie\documents\github\waveeffect\plantillaopengl01\main.cpp(269): warning C4244: '=' : conversión de 'double' a 'float'; posible pérdida de datos
     1>c:\users\meggie\documents\github\waveeffect\plantillaopengl01\main.cpp(277): warning C4244: '=' : conversión de 'double' a 'float'; posible pérdida de datos
     1>c:\users\meggie\documents\github\waveeffect\plantillaopengl01\main.cpp(281): warning C4244: '=' : conversión de 'double' a 'float'; posible pérdida de datos
     1>c:\users\meggie\documents\github\waveeffect\plantillaopengl01\main.cpp(288): warning C4244: '=' : conversión de 'double' a 'float'; posible pérdida de datos
     1>c:\users\meggie\documents\github\waveeffect\plantillaopengl01\main.cpp(292): warning C4244: '=' : conversión de 'double' a 'float'; posible pérdida de datos
     1>c:\users\meggie\documents\github\waveeffect\plantillaopengl01\main.cpp(300): warning C4244: '=' : conversión de 'double' a 'float'; posible pérdida de datos
     1>c:\users\meggie\documents\github\waveeffect\plantillaopengl01\main.cpp(304): warning C4244: '=' : conversión de 'double' a 'float'; posible pérdida de datos
     1>c:\users\meggie\documents\github\waveeffect\plantillaopengl01\main.cpp(311): warning C4244: '=' : conversión de 'double' a 'float'; posible pérdida de datos
     1>c:\users\meggie\documents\github\waveeffect\plantillaopengl01\main.cpp(315): warning C4244: '=' : conversión de 'double' a 'float'; posible pérdida de datos
     1>c:\users\meggie\documents\github\waveeffect\plantillaopengl01\main.cpp(323): warning C4244: '=' : conversión de 'double' a 'float'; posible pérdida de datos
     1>c:\users\meggie\documents\github\waveeffect\plantillaopengl01\main.cpp(327): warning C4244: '=' : conversión de 'double' a 'float'; posible pérdida de datos
     1>c:\users\meggie\documents\github\waveeffect\plantillaopengl01\main.cpp(334): warning C4244: '=' : conversión de 'double' a 'float'; posible pérdida de datos
     1>c:\users\meggie\documents\github\waveeffect\plantillaopengl01\main.cpp(338): warning C4244: '=' : conversión de 'double' a 'float'; posible pérdida de datos
     1>c:\users\meggie\documents\github\waveeffect\plantillaopengl01\main.cpp(345): warning C4244: '=' : conversión de 'double' a 'float'; posible pérdida de datos
     1>c:\users\meggie\documents\github\waveeffect\plantillaopengl01\main.cpp(349): warning C4244: '=' : conversión de 'double' a 'float'; posible pérdida de datos
     1>c:\users\meggie\documents\github\waveeffect\plantillaopengl01\main.cpp(356): warning C4244: '=' : conversión de 'double' a 'float'; posible pérdida de datos
     1>c:\users\meggie\documents\github\waveeffect\plantillaopengl01\main.cpp(360): warning C4244: '=' : conversión de 'double' a 'float'; posible pérdida de datos
     1>c:\users\meggie\documents\github\waveeffect\plantillaopengl01\main.cpp(379): warning C4305: 'inicializando' : truncamiento de 'double' a 'GLfloat'
     1>c:\users\meggie\documents\github\waveeffect\plantillaopengl01\main.cpp(380): warning C4305: 'inicializando' : truncamiento de 'double' a 'GLfloat'
     1>c:\users\meggie\documents\github\waveeffect\plantillaopengl01\main.cpp(387): warning C4305: 'inicializando' : truncamiento de 'double' a 'GLfloat'
     1>c:\users\meggie\documents\github\waveeffect\plantillaopengl01\main.cpp(388): warning C4305: 'inicializando' : truncamiento de 'double' a 'GLfloat'
     1>c:\users\meggie\documents\github\waveeffect\plantillaopengl01\main.cpp(389): warning C4305: 'inicializando' : truncamiento de 'double' a 'GLfloat'
     1>c:\users\meggie\documents\github\waveeffect\plantillaopengl01\main.cpp(372): warning C4101: 'zLocal' : variable local sin referencia
     1>c:\users\meggie\documents\github\waveeffect\plantillaopengl01\main.cpp(372): warning C4101: 'xExtent' : variable local sin referencia
     1>c:\users\meggie\documents\github\waveeffect\plantillaopengl01\main.cpp(373): warning C4101: 'loopX' : variable local sin referencia
     1>c:\users\meggie\documents\github\waveeffect\plantillaopengl01\main.cpp(372): warning C4101: 'xLocal' : variable local sin referencia
     1>c:\users\meggie\documents\github\waveeffect\plantillaopengl01\main.cpp(373): warning C4101: 'loopZ' : variable local sin referencia
     1>c:\users\meggie\documents\github\waveeffect\plantillaopengl01\main.cpp(372): warning C4101: 'zExtent' : variable local sin referencia
       Link:
         C:\Program Files (x86)\Microsoft Visual Studio 11.0\VC\bin\link.exe /ERRORREPORT:PROMPT /OUT:"C:\Users\Meggie\Documents\GitHub\WaveEffect\Debug\PlantillaOpenGL01.exe" /INCREMENTAL /NOLOGO /LIBPATH:"C:\Program Files (x86)\Windows Kits\8.1\Lib\winv6.3\um\x86" /LIBPATH:C:\dev\opengl\freeglut\lib /LIBPATH:"C:\dev\opengl\glew-1.7.0\lib" glew32.lib freeglut.lib kernel32.lib user32.lib gdi32.lib winspool.lib comdlg32.lib advapi32.lib shell32.lib ole32.lib oleaut32.lib uuid.lib odbc32.lib odbccp32.lib /MANIFEST /MANIFESTUAC:"level='asInvoker' uiAccess='false'" /manifest:embed /DEBUG /PDB:"C:\Users\Meggie\Documents\GitHub\WaveEffect\Debug\PlantillaOpenGL01.pdb" /SUBSYSTEM:CONSOLE /TLBID:1 /DYNAMICBASE /NXCOMPAT /IMPLIB:"C:\Users\Meggie\Documents\GitHub\WaveEffect\Debug\PlantillaOpenGL01.lib" /MACHINE:X86 Debug\main.obj
         PlantillaOpenGL01.vcxproj -> C:\Users\Meggie\Documents\GitHub\WaveEffect\Debug\PlantillaOpenGL01.exe
     1>Compilación del proyecto terminada "C:\Users\Meggie\Documents\GitHub\WaveEffect\PlantillaOpenGL01\PlantillaOpenGL01.vcxproj" (Build destinos).

Compilación correcta.

Tiempo transcurrido 00:00:01.04
